<?xml version="1.0" encoding="UTF-8"?>
<testng-results skipped="0" failed="0" ignored="0" total="1" passed="1">
  <reporter-output>
  </reporter-output>
  <suite name="Default suite" duration-ms="2965" started-at="2020-06-28T13:45:13Z" finished-at="2020-06-28T13:45:16Z">
    <groups>
    </groups>
    <test name="Default test" duration-ms="2965" started-at="2020-06-28T13:45:13Z" finished-at="2020-06-28T13:45:16Z">
      <class name="com.qa.tests.GoogleTest">
        <test-method status="PASS" signature="googleTitleTest()[pri:0, instance:com.qa.tests.GoogleTest@55ca8de8]" name="googleTitleTest" duration-ms="2917" started-at="2020-06-28T13:45:13Z" finished-at="2020-06-28T13:45:16Z">
          <reporter-output>
          </reporter-output>
        </test-method> <!-- googleTitleTest -->
      </class> <!-- com.qa.tests.GoogleTest -->
    </test> <!-- Default test -->
  </suite> <!-- Default suite -->
</testng-results>
